
 ==============================
 S N O P T  7.2-5    (May 2007)
 ==============================
 
 SNMEMB EXIT 100 -- finished successfully
 SNMEMB INFO 104 -- memory requirements estimated

 ==============================
 S N O P T  7.2-5    (May 2007)
 ==============================
 
 

 Nonlinear constraints       1     Linear constraints       0
 Nonlinear variables      1376     Linear variables         0
 Jacobian  variables      1376     Objective variables   1376
 Total constraints           1     Total variables       1376
 

 
 The user has defined    1376   out of    1376   constraint gradients.
 The user has defined    1376   out of    1376   objective  gradients.
 

        Minor   LPmult   nInf   SumInf   rgNorm    LPobjective
          100  9.1E-01      1  2.9E+02
          200  8.9E-01      1  2.5E+02
          300  8.9E-01      1  2.0E+02
          400  8.9E-01      1  1.6E+02
          500  8.9E-01      1  1.1E+02
          600  8.8E-01      1  6.9E+01
          700  8.7E-01      1  2.5E+01
          800  1.3E-04                           1.5977641E-02
          900 -8.7E-05                           1.3747382E-02
         1000 -6.3E-05                           1.2119843E-02

        Minor   QPmult   nInf   SumInf   rgNorm    QPobjective    nS
         1100                           6.8E-21  1.1069896E-02     1
         1200  4.1E-05                  2.0E-20  1.0298577E-02    51
         1300 -1.7E-05                  9.6E-06  9.8110131E-03   122

 Major Minors     Step   nCon Feasible  Optimal  MeritFunction    nS Penalty
     0   1369               1  6.1E-01  2.3E-05  2.8918464E-03   164           r  T

        Minor   QPmult   nInf   SumInf   rgNorm    QPobjective    nS
          100  3.0E-05                  5.4E-20  7.9286338E-03   173
          200 -1.3E-05                  2.0E-20  7.7025500E-03   269
          300 -4.9E-06                  6.8E-21  7.6664540E-03   369

 Major Minors     Step   nCon Feasible  Optimal  MeritFunction    nS Penalty
     1    345  9.3E-02      2  5.9E-01  1.7E-05  1.6707201E-02   414 2.1E-04 n rl T

        Minor   QPmult   nInf   SumInf   rgNorm    QPobjective    nS
          100                           4.3E-05  1.2835497E-03   314
          200                           5.6E-06  1.0321664E-03   214
          300  5.5E-06                  6.8E-21  8.7295571E-04   197
          400  2.1E-06                  1.9E-06  8.3789977E-04   280

 Major Minors     Step   nCon Feasible  Optimal  MeritFunction    nS Penalty
     2    419  1.0E-01      3  5.6E-01  9.6E-06  1.5127759E-02   294 2.1E-04 s  l

        Minor   QPmult   nInf   SumInf   rgNorm    QPobjective    nS
          100                           1.5E-05  9.7844921E-04   194
          200 -6.5E-06                  1.4E-20  8.6918503E-04   137
          300  2.1E-06                  3.4E-21  8.4027717E-04   231

 Major Minors     Step   nCon Feasible  Optimal  MeritFunction    nS Penalty
     3    397  2.0E-01      8  5.0E-01  8.2E-06  1.1201917E-02   328 2.1E-04

        Minor   QPmult   nInf   SumInf   rgNorm    QPobjective    nS
          100                           3.9E-05  1.2440072E-03   228
          200                           3.0E-06  1.0837411E-03   128
          300  7.7E-06                  6.8E-21  8.5616888E-04    80
          400  4.8E-07                  3.4E-21  8.2475016E-04   172

 Major Minors     Step   nCon Feasible  Optimal  MeritFunction    nS Penalty
     4    409  2.4E-01     13  4.2E-01  6.9E-06  7.9808186E-03   181 2.1E-04

        Minor   QPmult   nInf   SumInf   rgNorm    QPobjective    nS
          100                           2.1E-06  1.0127195E-03    81
          200 -2.9E-06                  6.8E-21  8.9482627E-04   143

 Major Minors     Step   nCon Feasible  Optimal  MeritFunction    nS Penalty
     5    269  2.0E-01     17  3.7E-01  6.2E-06  6.2097652E-03   212 2.1E-04
     6     86  1.9E-01     21  3.2E-01  6.9E-06  5.0136925E-03   205 2.1E-04

        Minor   QPmult   nInf   SumInf   rgNorm    QPobjective    nS
          100                           1.1E-19  7.4410488E-04   108
          200  7.2E-08                  3.4E-21  7.0024258E-04   186

 Major Minors     Step   nCon Feasible  Optimal  MeritFunction    nS Penalty
     7    200  1.9E-01     25  2.7E-01  1.2E-05  4.0698354E-03   186 2.1E-04

        Minor   QPmult   nInf   SumInf   rgNorm    QPobjective    nS
          100                           3.1E-05  6.1080684E-04    86
          200 -6.3E-06                  5.1E-20  3.8640393E-04    55
          300  8.1E-07                  1.0E-20  3.6865938E-04   153

 Major Minors     Step   nCon Feasible  Optimal  MeritFunction    nS Penalty
     8    352  1.4E-01     28  2.4E-01  1.8E-05  3.5282799E-03   205 2.1E-04

        Minor   QPmult   nInf   SumInf   rgNorm    QPobjective    nS
          100                           7.3E-05  1.8940810E-03   105
          200                           6.4E-20  4.0883926E-04    17
          300 -1.1E-05                  4.5E-06  4.9366794E-05     4
          400  3.9E-06                  1.4E-20 -4.9947990E-05    81
          500 -1.4E-06                  1.0E-20 -6.5182800E-05   181

 Major Minors     Step   nCon Feasible  Optimal  MeritFunction    nS Penalty
     9    554  4.4E-01     31  1.5E-01  8.0E-05  2.5525584E-03   235 2.1E-04      t

        Minor   QPmult   nInf   SumInf   rgNorm    QPobjective    nS
          100                           2.0E-04  3.4562895E-03   135
          200                           2.1E-05  3.0145170E-03    35
          300  5.9E-05                          -1.9385486E-03
          400  2.7E-05                  1.5E-05 -2.9143796E-03     2
          500                           3.4E-21 -3.1251741E-03     3
          600 -2.0E-06                  6.8E-21 -3.1980471E-03   101

 Major Minors     Step   nCon Feasible  Optimal  MeritFunction    nS Penalty
    10    666  3.0E-01     34  1.1E-01  2.2E-04  2.2907562E-03   167 2.1E-04      t

        Minor   QPmult   nInf   SumInf   rgNorm    QPobjective    nS
          100                           1.4E-04  3.7818220E-02    67
          200 -1.3E-03                           7.7865264E-03
          300  1.2E-04                  9.6E-05 -4.2744090E-05     1
          400                           2.6E-19 -7.9346159E-04     1
          500  2.4E-05                  4.5E-19 -1.2032384E-03     2
          600 -2.1E-05                  8.8E-06 -1.4758427E-03     1
          700  1.2E-05                  1.8E-18 -1.6663922E-03     4
          800 -7.8E-06                  2.3E-19 -1.7935702E-03    30
          900 -2.1E-06                  2.0E-20 -1.8394572E-03   122

 Major Minors     Step   nCon Feasible  Optimal  MeritFunction    nS Penalty
    11    967  3.1E-02     38  1.1E-01  1.6E-04  2.0951573E-03   189 2.1E-04      t

        Minor   QPmult   nInf   SumInf   rgNorm    QPobjective    nS
          100                           4.3E-05  1.6817099E-03    89
          200                           1.4E-04 -3.1425397E-04     8
          300 -2.0E-04                  1.9E-04 -2.8972303E-03     2
          400                           4.1E-20 -4.6807864E-03     2
          500                           1.6E-19 -5.3963420E-03    11

 Major Minors     Step   nCon Feasible  Optimal  MeritFunction    nS Penalty
    12    598  3.4E-01     41  7.3E-02  9.5E-05  1.6132440E-03   103 2.1E-04   R  t

        Minor   QPmult   nInf   SumInf   rgNorm    QPobjective    nS
          100  9.0E-05                  7.1E-19 -7.0440213E-04    93
          200 -2.8E-05                  8.9E-19 -1.2198712E-03   193
          300  1.1E-05                  4.2E-19 -1.3288691E-03   293
          400 -1.1E-06                  6.1E-20 -1.3452393E-03   393

 Major Minors     Step   nCon Feasible  Optimal  MeritFunction    nS Penalty
    13    405  6.7E-01     43  2.6E-02  7.1E-05  1.0291318E-03   398 2.1E-04 s    T

        Minor   QPmult   nInf   SumInf   rgNorm    QPobjective    nS
          100                           8.0E-05  4.8955689E-04   298
          200 -2.9E-05                  3.2E-19 -4.5443580E-04   257
          300  8.6E-06                  1.8E-19 -5.1687765E-04   351
          400  4.0E-06                  1.2E-19 -5.2831624E-04   449

 Major Minors     Step   nCon Feasible  Optimal  MeritFunction    nS Penalty
    14    461  6.6E-01     45  8.9E-03  7.3E-05  7.4446554E-04   510 2.1E-04      T

        Minor   QPmult   nInf   SumInf   rgNorm    QPobjective    nS
          100                           4.2E-04  1.7005203E-03   410
          200                           2.7E-04  1.1137965E-03   310
          300  3.3E-05                  8.9E-19  1.8236321E-04   268
          400 -2.5E-06                  7.8E-20  1.2006507E-04   368

 Major Minors     Step   nCon Feasible  Optimal  MeritFunction    nS Penalty
    15    447  2.0E-01     48  7.1E-03  2.9E-05  7.0706131E-04   415 2.1E-04

        Minor   QPmult   nInf   SumInf   rgNorm    QPobjective    nS
          100 -5.8E-06                  3.0E-19  2.7506185E-04   364

 Major Minors     Step   nCon Feasible  Optimal  MeritFunction    nS Penalty
    16    152  6.6E-01     50  2.4E-03  1.6E-05  4.7827199E-04   416 2.1E-04

        Minor   QPmult   nInf   SumInf   rgNorm    QPobjective    nS
          100                           8.1E-05  9.5783251E-05   319

 Major Minors     Step   nCon Feasible  Optimal  MeritFunction    nS Penalty
    17    146  6.5E-01     52  8.7E-04  1.4E-04  4.2437652E-04   320 2.1E-04

        Minor   QPmult   nInf   SumInf   rgNorm    QPobjective    nS
          100                           2.2E-05 -3.5195090E-04   227
          200 -1.2E-06                  2.6E-20 -4.3394695E-04   287

 Major Minors     Step   nCon Feasible  Optimal  MeritFunction    nS Penalty
    18    209  6.3E-01     54  3.2E-04  2.1E-04  4.0112624E-04   294 2.1E-04

        Minor   QPmult   nInf   SumInf   rgNorm    QPobjective    nS
          100                           4.7E-06  1.3758349E-05   226
          200 -1.2E-05                  2.3E-19 -1.4752950E-04   289
          300  1.1E-06                  1.1E-19 -1.6151414E-04   387

 Major Minors     Step   nCon Feasible  Optimal  MeritFunction    nS Penalty
    19    308  2.2E-01     57  2.5E-04  5.2E-05  3.9591225E-04   395 2.1E-04

        Minor   QPmult   nInf   SumInf   rgNorm    QPobjective    nS
          100                           7.9E-05  4.9163637E-04   295
          200 -3.4E-06                  9.0E-20  2.7796188E-04   369
          300 -1.2E-06                  9.7E-20  2.7635567E-04   469

 Major Minors     Step   nCon Feasible  Optimal  MeritFunction    nS Penalty
    20    388  2.4E-01     60  1.9E-04  7.0E-06  3.6720415E-04   557 2.1E-04

        Minor   QPmult   nInf   SumInf   rgNorm    QPobjective    nS
          100                           3.4E-04  2.0702244E-04   459

 Major Minors     Step   nCon Feasible  Optimal  MeritFunction    nS Penalty
    21    191  1.0E+00     61 (5.2E-15) 9.1E-05  2.6112416E-04   413 2.1E-04

        Minor   QPmult   nInf   SumInf   rgNorm    QPobjective    nS
          100                           2.3E-05  5.4128398E-06   321
          200  5.1E-06                  8.9E-19 -5.8108115E-05   340

 Major Minors     Step   nCon Feasible  Optimal  MeritFunction    nS Penalty
    22    239  5.6E-01     63 (1.2E-15) 5.1E-05  2.4908210E-04   378 2.1E-04

        Minor   QPmult   nInf   SumInf   rgNorm    QPobjective    nS
          100  2.7E-05                  8.9E-19  2.2749821E-04   307
          200 -1.5E-06                  7.8E-20  2.1006316E-04   401

 Major Minors     Step   nCon Feasible  Optimal  MeritFunction    nS Penalty
    23    279  1.1E-01     66 (2.1E-15) 1.6E-05  2.4632119E-04   480 2.1E-04   R  T

        Minor   QPmult   nInf   SumInf   rgNorm    QPobjective    nS
          100 -3.0E-05                  9.1E-06  1.5573278E-04   386

 Major Minors     Step   nCon Feasible  Optimal  MeritFunction    nS Penalty
    24    128  8.9E-01     69 (5.2E-15) 5.1E-05  2.1808918E-04   397 2.1E-04 s

        Minor   QPmult   nInf   SumInf   rgNorm    QPobjective    nS
          100 -2.6E-06                  6.7E-20  1.0072610E-04   380

 Major Minors     Step   nCon Feasible  Optimal  MeritFunction    nS Penalty
    25    126  4.1E-01     71 (5.4E-15) 4.0E-05  2.1361513E-04   406 2.1E-04

        Minor   QPmult   nInf   SumInf   rgNorm    QPobjective    nS
          100 -1.7E-07                  1.7E-20  1.8053791E-04   425

 Major Minors     Step   nCon Feasible  Optimal  MeritFunction    nS Penalty
    26    108  4.6E-01     73 (4.8E-15) 1.7E-05  2.0823942E-04   433 2.1E-04
    27     97  1.0E+00     74 (5.2E-15) 2.8E-05  1.9485410E-04   377 2.1E-04
    28     70  1.0E+00     75 (5.6E-15) 1.5E-05  1.8881609E-04   364 2.1E-04
    29     97  1.0E+00     76 (6.2E-15) 7.5E-05  1.8259235E-04   332 2.1E-04

        Minor   QPmult   nInf   SumInf   rgNorm    QPobjective    nS
          100 -3.2E-07                  2.6E-20  1.6920888E-04   377

 Major Minors     Step   nCon Feasible  Optimal  MeritFunction    nS Penalty
    30    118  1.2E-01     79 (6.0E-15) 9.6E-06  1.8189772E-04   395 2.1E-04
    31     51  1.0E+00     80 (5.0E-15) 1.1E-05  1.7012202E-04   367 2.1E-04
    32     59  1.0E+00     81 (5.2E-15) 1.8E-05  1.5426613E-04   337 2.1E-04
    33     89  6.6E-01     83 (5.6E-15) 2.2E-05  1.4625580E-04   315 2.1E-04

        Minor   QPmult   nInf   SumInf   rgNorm    QPobjective    nS
          100 -3.1E-07                  1.4E-20  6.0688360E-05   348

 Major Minors     Step   nCon Feasible  Optimal  MeritFunction    nS Penalty
    34    106  6.0E-01     85 (5.8E-15) 3.7E-05  1.4555684E-04   354 2.1E-04   R

        Minor   QPmult   nInf   SumInf   rgNorm    QPobjective    nS
          100 -3.8E-07                  1.1E-20  1.3684850E-04   401

 Major Minors     Step   nCon Feasible  Optimal  MeritFunction    nS Penalty
    35    139  3.6E-01     87 (5.0E-15) 6.3E-06  1.4003476E-04   440 2.1E-04 s
    36     95  1.0E+00     88 (5.8E-15) 1.2E-05  1.3539333E-04   359 2.1E-04
    37     85  1.0E+00     89 (8.3E-15) 6.1E-05  1.2954065E-04   341 2.1E-04
    38     96  1.0E+00     90 (8.3E-15) 2.6E-05  1.2370047E-04   356 2.1E-04
    39     60  3.4E-01     92 (8.3E-15) 3.3E-06  1.2266089E-04   337 2.1E-04

 Major Minors     Step   nCon Feasible  Optimal  MeritFunction    nS Penalty
    40     36  1.0E+00     93 (8.3E-15) 5.0E-06  1.1882994E-04   318 2.1E-04
    41     69  1.0E+00     94 (8.3E-15) 3.9E-05  1.1324124E-04   304 2.1E-04
    42     79  1.0E+00     95 (9.8E-15) 5.8E-05  1.0631034E-04   308 2.1E-04
    43     78  1.0E+00     96 (9.5E-15) 2.1E-05  1.0596109E-04   325 2.1E-04
    44     62  3.0E-01     98 (1.0E-14) 2.5E-06  1.0592688E-04   324 2.1E-04
    45     42  1.0E+00     99 (9.5E-15) 1.8E-05  1.0204818E-04   323 2.1E-04   R
    46     48  1.0E+00    100 (1.0E-14) 1.3E-05  1.0151606E-04   313 2.1E-04 s
    47     41  1.0E+00    101 (7.1E-15) 1.4E-05  1.0040930E-04   319 2.1E-04
    48     36  1.0E+00    102 (6.6E-15) 1.4E-05  9.8666139E-05   308 2.1E-04
    49     39  1.0E+00    103 (7.1E-15) 2.3E-05  9.7485927E-05   299 2.1E-04

 Major Minors     Step   nCon Feasible  Optimal  MeritFunction    nS Penalty
    50     66  1.0E+00    104 (6.8E-15) 2.6E-05  9.6828165E-05   288 2.1E-04
    51     64  3.9E-01    106 (7.3E-15) 8.0E-06  9.6307876E-05   321 2.1E-04
    52     64  1.0E+00    107 (7.1E-15) 1.3E-05  9.4775684E-05   292 2.1E-04
    53     55  1.0E+00    108 (6.8E-15) 3.0E-05  9.3904590E-05   292 2.1E-04
    54     59  3.8E-01    110 (7.3E-15) 8.3E-06  9.3498601E-05   312 2.1E-04
    55     65  1.0E+00    111 (7.1E-15) 2.1E-05  9.2541795E-05   281 2.1E-04
    56     54  1.0E+00    112 (6.2E-15) 2.1E-05  9.2278649E-05   294 2.1E-04   R
    57     87  3.5E-01    114 (6.6E-15) 2.9E-06  9.1607397E-05   356 2.1E-04 s
    58     38  1.0E+00    115 (6.2E-15) 3.1E-06  9.0797083E-05   326 2.1E-04
    59     56  1.0E+00    116 (7.7E-15) 1.2E-05  8.9657187E-05   306 2.1E-04

 Major Minors     Step   nCon Feasible  Optimal  MeritFunction    nS Penalty
    60     47  1.0E+00    117 (8.5E-15) 2.5E-05  8.8736846E-05   314 2.1E-04
    61     27  1.0E+00    118 (8.9E-15) 1.4E-05  8.8475353E-05   322 2.1E-04
    62     27  3.8E-01    120 (8.7E-15) 3.3E-06  8.8282140E-05   321 2.1E-04
    63     39  1.0E+00    121 (7.9E-15) 9.8E-06  8.7628601E-05   302 2.1E-04
    64     47  1.0E+00    122 (7.7E-15) 2.2E-05  8.7044691E-05   303 2.1E-04
    65     52  1.0E+00    123 (8.5E-15) 2.1E-05  8.6718224E-05   305 2.1E-04
    66     31  3.9E-01    125 (8.5E-15) 7.3E-06  8.6500640E-05   298 2.1E-04
    67     28  1.0E+00    126 (8.3E-15) 2.5E-05  8.6196657E-05   307 2.1E-04   R
    68     16  1.0E+00    127 (8.7E-15) 4.3E-06  8.6024378E-05   308 2.1E-04 s
    69     20  1.0E+00    128 (8.3E-15) 3.0E-06  8.5845438E-05   304 2.1E-04

 Major Minors     Step   nCon Feasible  Optimal  MeritFunction    nS Penalty
    70     17  1.0E+00    129 (6.2E-15) 1.0E-05  8.5667099E-05   298 2.1E-04
    71     32  1.0E+00    130 (6.4E-15) 1.2E-05  8.5431731E-05   293 2.1E-04
    72     28  5.6E-01    132 (6.4E-15) 8.3E-06  8.5247656E-05   302 2.1E-04
    73     27  1.0E+00    133 (6.4E-15) 9.6E-06  8.4883303E-05   301 2.1E-04
    74     27  1.0E+00    134 (7.1E-15) 2.3E-05  8.3862528E-05   301 2.1E-04
    75     35  1.0E+00    135 (7.1E-15) 8.8E-06  8.2712935E-05   313 2.1E-04
    76     30  1.0E+00    136 (7.1E-15) 3.8E-06  8.2136901E-05   297 2.1E-04
    77     35  1.0E+00    137 (7.1E-15) 1.5E-05  8.1309842E-05   292 2.1E-04
    78     43  1.0E+00    138 (8.3E-15) 5.0E-05  8.0725358E-05   312 2.1E-04   R
    79     26  1.0E+00    139 (8.1E-15) 2.9E-06  8.0450714E-05   315 2.1E-04 s

 Major Minors     Step   nCon Feasible  Optimal  MeritFunction    nS Penalty
    80     23  1.0E+00    140 (7.7E-15) 1.7E-06  8.0286060E-05   299 2.1E-04
    81     28  1.0E+00    141 (7.9E-15) 7.3E-06  8.0080599E-05   302 2.1E-04
    82     26  1.0E+00    142 (8.1E-15) 8.3E-06  7.9935936E-05   307 2.1E-04
    83     33  1.0E+00    143 (7.9E-15) 1.1E-05  7.9728379E-05   303 2.1E-04
    84     22  1.0E+00    144 (7.9E-15) 1.5E-05  7.9586504E-05   306 2.1E-04
    85     18  1.0E+00    145 (7.9E-15) 2.2E-06  7.9410650E-05   303 2.1E-04
    86     17  1.0E+00    146 (7.7E-15) 2.0E-06  7.9153050E-05   293 2.1E-04
    87     20  1.0E+00    147 (8.3E-15) 8.3E-06  7.8873029E-05   296 2.1E-04
    88     12  1.0E+00    148 (7.9E-15) 6.5E-06  7.8371247E-05   293 2.1E-04
    89     16  1.0E+00    149 (8.3E-15) 6.3E-06  7.7947554E-05   298 2.1E-04   R

 Major Minors     Step   nCon Feasible  Optimal  MeritFunction    nS Penalty
    90     13  1.0E+00    150 (7.7E-15) 2.0E-06  7.7854468E-05   298 2.1E-04 s
    91     14  1.0E+00    151 (8.1E-15) 2.8E-06  7.7776953E-05   295 2.1E-04
    92     20  1.0E+00    152 (7.9E-15) 3.8E-06  7.7653265E-05   298 2.1E-04
    93     31  1.0E+00    153 (8.3E-15) 9.2E-06  7.7476132E-05   284 2.1E-04
    94     30  1.0E+00    154 (7.9E-15) 7.7E-06  7.7037646E-05   303 2.1E-04
    95     32  1.0E+00    155 (7.7E-15) 7.9E-06  7.6665256E-05   311 2.1E-04
    96     31  1.0E+00    156 (6.6E-15) 1.7E-06  7.6273469E-05   307 2.1E-04
    97     27  1.0E+00    157 (7.1E-15) 3.2E-06  7.5971482E-05   283 2.1E-04
    98     20  1.0E+00    158 (6.6E-15) 1.2E-05  7.5436159E-05   286 2.1E-04
    99     46  1.0E+00    159 (6.4E-15) 1.6E-05  7.5021627E-05   279 2.1E-04

 Major Minors     Step   nCon Feasible  Optimal  MeritFunction    nS Penalty
   100     29  1.0E+00    160 (7.3E-15) 9.0E-06  7.4409509E-05   284 2.1E-04   R
   101     23  1.0E+00    161 (7.9E-15) 4.9E-06  7.4244269E-05   298 2.1E-04 s
   102     14  1.0E+00    162 (7.7E-15) 3.7E-06  7.4149011E-05   293 2.1E-04
   103     18  1.0E+00    163 (7.7E-15) 5.5E-06  7.4036527E-05   284 2.1E-04
   104     11  1.0E+00    164 (7.7E-15) 3.8E-06  7.3938146E-05   284 2.1E-04
   105     17  1.0E+00    165 (7.9E-15) 4.2E-06  7.3845121E-05   296 2.1E-04
   106     17  1.0E+00    166 (8.1E-15) 2.7E-06  7.3712475E-05   286 2.1E-04      t
 
 SNOPTC EXIT  30 -- resource limit error
 SNOPTC INFO  31 -- iteration limit reached

 Problem name                 O
 No. of iterations               13760   Objective value      7.3712474908E-05
 No. of major iterations           106   Linear objective     0.0000000000E+00
 Penalty parameter           2.051E-04   Nonlinear objective  7.3712474908E-05
 No. of calls to funobj            167   No. of calls to funcon            167
 No. of superbasics                286   No. of basic nonlinears             1
 No. of degenerate steps            25   Percentage                       0.18
 Max x                      81 5.0E-01   Max pi                      1 7.1E-06
 Max Primal infeas           0 0.0E+00   Max Dual infeas           466 1.1E-05
 Nonlinear constraint violn    6.9E-14
 
 

 Solution printed on file  18
 
 Time for MPS input                             0.00 seconds
 Time for solving problem                      18.72 seconds
 Time for solution output                       0.01 seconds
 Time for constraint functions                 16.69 seconds
 Time for objective function                    0.00 seconds
